c:\users\noman\google drive\junior year\second semester\intro to game programming\cs-3113-homework\cs3113 homework 3\nyucodebase\debug\vc120.pdb
c:\users\noman\google drive\junior year\second semester\intro to game programming\cs-3113-homework\cs3113 homework 3\nyucodebase\debug\vc120.idb
c:\users\noman\google drive\junior year\second semester\intro to game programming\cs-3113-homework\cs3113 homework 3\nyucodebase\debug\application.obj
c:\users\noman\google drive\junior year\second semester\intro to game programming\cs-3113-homework\cs3113 homework 3\nyucodebase\debug\bullet.obj
c:\users\noman\google drive\junior year\second semester\intro to game programming\cs-3113-homework\cs3113 homework 3\nyucodebase\debug\entity.obj
c:\users\noman\google drive\junior year\second semester\intro to game programming\cs-3113-homework\cs3113 homework 3\nyucodebase\debug\main.obj
c:\users\noman\google drive\junior year\second semester\intro to game programming\cs-3113-homework\cs3113 homework 3\nyucodebase\debug\matrix.obj
c:\users\noman\google drive\junior year\second semester\intro to game programming\cs-3113-homework\cs3113 homework 3\nyucodebase\debug\shaderprogram.obj
c:\users\noman\google drive\junior year\second semester\intro to game programming\cs-3113-homework\cs3113 homework 3\nyucodebase\debug\sheetsprite.obj
c:\users\noman\google drive\junior year\second semester\intro to game programming\cs-3113-homework\cs3113 homework 3\nyucodebase\debug\enemy.obj
c:\users\noman\google drive\junior year\second semester\intro to game programming\cs-3113-homework\cs3113 homework 3\nyucodebase\debug\player.obj
c:\users\noman\google drive\junior year\second semester\intro to game programming\cs-3113-homework\cs3113 homework 3\debug\cs3113 homework 3.ilk
c:\users\noman\google drive\junior year\second semester\intro to game programming\cs-3113-homework\cs3113 homework 3\debug\cs3113 homework 3.exe
c:\users\noman\google drive\junior year\second semester\intro to game programming\cs-3113-homework\cs3113 homework 3\debug\cs3113 homework 3.pdb
c:\users\noman\google drive\junior year\second semester\intro to game programming\cs-3113-homework\cs3113 homework 3\nyucodebase\debug\cs3113 h.49111ba2.tlog\cl.command.1.tlog
c:\users\noman\google drive\junior year\second semester\intro to game programming\cs-3113-homework\cs3113 homework 3\nyucodebase\debug\cs3113 h.49111ba2.tlog\cl.read.1.tlog
c:\users\noman\google drive\junior year\second semester\intro to game programming\cs-3113-homework\cs3113 homework 3\nyucodebase\debug\cs3113 h.49111ba2.tlog\cl.write.1.tlog
c:\users\noman\google drive\junior year\second semester\intro to game programming\cs-3113-homework\cs3113 homework 3\nyucodebase\debug\cs3113 h.49111ba2.tlog\link-cvtres.read.1.tlog
c:\users\noman\google drive\junior year\second semester\intro to game programming\cs-3113-homework\cs3113 homework 3\nyucodebase\debug\cs3113 h.49111ba2.tlog\link-cvtres.write.1.tlog
c:\users\noman\google drive\junior year\second semester\intro to game programming\cs-3113-homework\cs3113 homework 3\nyucodebase\debug\cs3113 h.49111ba2.tlog\link-rc.read.1.tlog
c:\users\noman\google drive\junior year\second semester\intro to game programming\cs-3113-homework\cs3113 homework 3\nyucodebase\debug\cs3113 h.49111ba2.tlog\link-rc.write.1.tlog
c:\users\noman\google drive\junior year\second semester\intro to game programming\cs-3113-homework\cs3113 homework 3\nyucodebase\debug\cs3113 h.49111ba2.tlog\link.4176-cvtres.read.1.tlog
c:\users\noman\google drive\junior year\second semester\intro to game programming\cs-3113-homework\cs3113 homework 3\nyucodebase\debug\cs3113 h.49111ba2.tlog\link.4176-cvtres.write.1.tlog
c:\users\noman\google drive\junior year\second semester\intro to game programming\cs-3113-homework\cs3113 homework 3\nyucodebase\debug\cs3113 h.49111ba2.tlog\link.4176-rc.read.1.tlog
c:\users\noman\google drive\junior year\second semester\intro to game programming\cs-3113-homework\cs3113 homework 3\nyucodebase\debug\cs3113 h.49111ba2.tlog\link.4176-rc.write.1.tlog
c:\users\noman\google drive\junior year\second semester\intro to game programming\cs-3113-homework\cs3113 homework 3\nyucodebase\debug\cs3113 h.49111ba2.tlog\link.4176.read.1.tlog
c:\users\noman\google drive\junior year\second semester\intro to game programming\cs-3113-homework\cs3113 homework 3\nyucodebase\debug\cs3113 h.49111ba2.tlog\link.4176.write.1.tlog
c:\users\noman\google drive\junior year\second semester\intro to game programming\cs-3113-homework\cs3113 homework 3\nyucodebase\debug\cs3113 h.49111ba2.tlog\link.command.1.tlog
c:\users\noman\google drive\junior year\second semester\intro to game programming\cs-3113-homework\cs3113 homework 3\nyucodebase\debug\cs3113 h.49111ba2.tlog\link.read.1.tlog
c:\users\noman\google drive\junior year\second semester\intro to game programming\cs-3113-homework\cs3113 homework 3\nyucodebase\debug\cs3113 h.49111ba2.tlog\link.write.1.tlog
