Build started 3/3/2016 11:33:10 PM.
     1>Project "C:\Users\noman\Google Drive\Junior Year\Second Semester\Intro to Game Programming\CS-3113-Homework\CS3113 Homework 3\NYUCodebase\NYUCodebase.vcxproj" on node 2 (Build target(s)).
     1>C:\Program Files (x86)\MSBuild\Microsoft.Cpp\v4.0\V120\Microsoft.CppBuild.targets(388,5): warning MSB8028: The intermediate directory (Debug\) contains files shared from another project (CS3113 Homework 1.vcxproj, CS3113 Homework 2 (1).vcxproj, CS3113 Homework 2.vcxproj, NYUCodebase.vcxproj).  This can lead to incorrect clean and rebuild behavior.
     1>ClCompile:
         C:\Program Files (x86)\Microsoft Visual Studio 12.0\VC\bin\CL.exe /c /IC:\SDL2\include /IC:\SDL2_image\include /IC:\glew\include /IC:\SDL2_mixer\include /ZI /nologo /W3 /WX- /sdl /Od /Oy- /D _WINDOWS /D _MBCS /D _MBCS /Gm /EHsc /RTC1 /MDd /GS /fp:precise /Zc:wchar_t /Zc:forScope /Fo"Debug\\" /Fd"Debug\vc120.pdb" /Gd /TP /analyze- /errorReport:prompt Enemy.cpp
         Enemy.cpp
     1>c:\users\noman\google drive\junior year\second semester\intro to game programming\cs-3113-homework\cs3113 homework 3\nyucodebase\enemy.cpp(20): warning C4244: '+=' : conversion from 'double' to 'float', possible loss of data
     1>c:\users\noman\google drive\junior year\second semester\intro to game programming\cs-3113-homework\cs3113 homework 3\nyucodebase\enemy.cpp(23): warning C4244: '=' : conversion from 'double' to 'float', possible loss of data
     1>c:\users\noman\google drive\junior year\second semester\intro to game programming\cs-3113-homework\cs3113 homework 3\nyucodebase\enemy.cpp(62): warning C4305: '+=' : truncation from 'double' to 'float'
     1>c:\users\noman\google drive\junior year\second semester\intro to game programming\cs-3113-homework\cs3113 homework 3\nyucodebase\enemy.cpp(65): warning C4552: '+' : operator has no effect; expected operator with side-effect
       Link:
         C:\Program Files (x86)\Microsoft Visual Studio 12.0\VC\bin\link.exe /ERRORREPORT:PROMPT /OUT:"C:\Users\noman\Google Drive\Junior Year\Second Semester\Intro to Game Programming\CS-3113-Homework\CS3113 Homework 3\Debug\CS3113 Homework 3.exe" /INCREMENTAL /NOLOGO /LIBPATH:C:\SDL2_mixer\lib\x86 /LIBPATH:C:\SDL2\lib\x86 /LIBPATH:C:\SDL2_image\lib\x86 /LIBPATH:C:\glew\lib\Release\Win32 SDL2.lib SDL2_mixer.lib glew32.lib SDL2main.lib SDL2_image.lib OpenGL32.lib /MANIFEST /MANIFESTUAC:"level='asInvoker' uiAccess='false'" /manifest:embed /DEBUG /PDB:"C:\Users\noman\Google Drive\Junior Year\Second Semester\Intro to Game Programming\CS-3113-Homework\CS3113 Homework 3\Debug\CS3113 Homework 3.pdb" /SUBSYSTEM:CONSOLE /TLBID:1 /DYNAMICBASE /NXCOMPAT /IMPLIB:"C:\Users\noman\Google Drive\Junior Year\Second Semester\Intro to Game Programming\CS-3113-Homework\CS3113 Homework 3\Debug\CS3113 Homework 3.lib" /MACHINE:X86 Debug\Bullet.obj
         Debug\Enemy.obj
         Debug\main.obj
         Debug\Matrix.obj
         Debug\Player.obj
         Debug\ShaderProgram.obj
         Debug\SheetSprite.obj
         LINK : C:\Users\noman\Google Drive\Junior Year\Second Semester\Intro to Game Programming\CS-3113-Homework\CS3113 Homework 3\Debug\CS3113 Homework 3.exe not found or not built by the last incremental link; performing full link
     1>MSVCRTD.lib(cinitexe.obj) : warning LNK4098: defaultlib 'msvcrt.lib' conflicts with use of other libs; use /NODEFAULTLIB:library
         NYUCodebase.vcxproj -> C:\Users\noman\Google Drive\Junior Year\Second Semester\Intro to Game Programming\CS-3113-Homework\CS3113 Homework 3\Debug\CS3113 Homework 3.exe
     1>Done Building Project "C:\Users\noman\Google Drive\Junior Year\Second Semester\Intro to Game Programming\CS-3113-Homework\CS3113 Homework 3\NYUCodebase\NYUCodebase.vcxproj" (Build target(s)).

Build succeeded.

Time Elapsed 00:00:04.28
